Started GET "/api/sessions" for ::1 at 2020-06-08 16:28:14 -0600
Started GET "/api/sessions/undefined/items" for ::1 at 2020-06-08 16:28:14 -0600
  [1m[35m (4.5ms)[0m  [1m[34mSELECT "schema_migrations"."version" FROM "schema_migrations" ORDER BY "schema_migrations"."version" ASC[0m
  [1m[35m (3.5ms)[0m  [1m[34mSELECT "schema_migrations"."version" FROM "schema_migrations" ORDER BY "schema_migrations"."version" ASC[0m
Processing by Api::SessionsController#index as HTML
Processing by Api::ItemsController#index as HTML
  Parameters: {"session_id"=>"undefined"}
  [1m[36mSession Load (5.3ms)[0m  [1m[34mSELECT "sessions".* FROM "sessions"[0m
  ↳ app/controllers/api/sessions_controller.rb:6:in `index'
Completed 200 OK in 53ms (Views: 17.1ms | ActiveRecord: 15.1ms | Allocations: 11295)


  [1m[36mSession Load (2.8ms)[0m  [1m[34mSELECT "sessions".* FROM "sessions" WHERE "sessions"."id" = $1 LIMIT $2[0m  [["id", nil], ["LIMIT", 1]]
  ↳ app/controllers/api/items_controller.rb:48:in `set_session'
Completed 500  in 61ms (ActiveRecord: 28.3ms | Allocations: 18187)



ActiveRecord::RecordNotFound - Couldn't find Session with 'id'=undefined:
  app/controllers/api/items_controller.rb:48:in `set_session'

Started GET "/api/sessions/undefined/items" for ::1 at 2020-06-08 16:28:14 -0600
Processing by Api::ItemsController#index as HTML
  Parameters: {"session_id"=>"undefined"}
  [1m[36mSession Load (0.9ms)[0m  [1m[34mSELECT "sessions".* FROM "sessions" WHERE "sessions"."id" = $1 LIMIT $2[0m  [["id", nil], ["LIMIT", 1]]
  ↳ app/controllers/api/items_controller.rb:48:in `set_session'
Completed 500  in 7ms (ActiveRecord: 0.9ms | Allocations: 2862)


Started GET "/api/sessions/1/attendees" for ::1 at 2020-06-08 16:28:15 -0600
Started GET "/api/sessions/1/items" for ::1 at 2020-06-08 16:28:15 -0600

ActiveRecord::RecordNotFound - Couldn't find Session with 'id'=undefined:
  app/controllers/api/items_controller.rb:48:in `set_session'

Processing by Api::AttendeesController#index as HTML
  Parameters: {"session_id"=>"1"}
  [1m[36mSession Load (1.4ms)[0m  [1m[34mSELECT "sessions".* FROM "sessions" WHERE "sessions"."id" = $1 LIMIT $2[0m  [["id", 1], ["LIMIT", 1]]
  ↳ app/controllers/api/attendees_controller.rb:48:in `set_session'
Processing by Api::ItemsController#index as HTML
  Parameters: {"session_id"=>"1"}
  [1m[36mSession Load (3.3ms)[0m  [1m[34mSELECT "sessions".* FROM "sessions" WHERE "sessions"."id" = $1 LIMIT $2[0m  [["id", 1], ["LIMIT", 1]]
  ↳ app/controllers/api/items_controller.rb:48:in `set_session'
  [1m[36mAttendee Load (3.2ms)[0m  [1m[34mSELECT "attendees".* FROM "attendees" WHERE "attendees"."session_id" = $1[0m  [["session_id", 1]]
  ↳ app/controllers/api/attendees_controller.rb:8:in `index'
  [1m[36mItem Load (2.1ms)[0m  [1m[34mSELECT "items".* FROM "items" WHERE "items"."session_id" = $1[0m  [["session_id", 1]]
  ↳ app/controllers/api/items_controller.rb:8:in `index'
Completed 200 OK in 80ms (Views: 21.6ms | ActiveRecord: 10.3ms | Allocations: 29808)


Completed 200 OK in 53ms (Views: 16.8ms | ActiveRecord: 18.3ms | Allocations: 23444)


Started GET "/api/sessions/1/items" for ::1 at 2020-06-08 16:28:15 -0600
Processing by Api::ItemsController#index as HTML
  Parameters: {"session_id"=>"1"}
  [1m[36mSession Load (0.4ms)[0m  [1m[34mSELECT "sessions".* FROM "sessions" WHERE "sessions"."id" = $1 LIMIT $2[0m  [["id", 1], ["LIMIT", 1]]
  ↳ app/controllers/api/items_controller.rb:48:in `set_session'
  [1m[36mItem Load (0.3ms)[0m  [1m[34mSELECT "items".* FROM "items" WHERE "items"."session_id" = $1[0m  [["session_id", 1]]
  ↳ app/controllers/api/items_controller.rb:8:in `index'
Completed 200 OK in 7ms (Views: 2.6ms | ActiveRecord: 0.7ms | Allocations: 4534)


Started GET "/api/sessions/1/items/1" for ::1 at 2020-06-08 16:28:15 -0600
Started GET "/api/items/1/ingredients/" for ::1 at 2020-06-08 16:28:15 -0600
Processing by Api::ItemsController#show as HTML
  Parameters: {"session_id"=>"1", "id"=>"1"}
  [1m[36mSession Load (0.8ms)[0m  [1m[34mSELECT "sessions".* FROM "sessions" WHERE "sessions"."id" = $1 LIMIT $2[0m  [["id", 1], ["LIMIT", 1]]
  ↳ app/controllers/api/items_controller.rb:48:in `set_session'
Started GET "/api/items/2/ingredients/" for ::1 at 2020-06-08 16:28:15 -0600
Started GET "/api/sessions/1/items/2" for ::1 at 2020-06-08 16:28:15 -0600
Processing by Api::IngredientsController#index as HTML
  Parameters: {"item_id"=>"1"}
  [1m[36mItem Load (3.4ms)[0m  [1m[34mSELECT "items".* FROM "items" WHERE "items"."session_id" = $1 AND "items"."id" = $2 LIMIT $3[0m  [["session_id", 1], ["id", 1], ["LIMIT", 1]]
  ↳ app/controllers/api/items_controller.rb:44:in `set_item'
Completed 200 OK in 18ms (Views: 0.3ms | ActiveRecord: 4.2ms | Allocations: 6756)


  [1m[36mItem Load (12.5ms)[0m  [1m[34mSELECT "items".* FROM "items" WHERE "items"."id" = $1 LIMIT $2[0m  [["id", 1], ["LIMIT", 1]]
  ↳ app/controllers/api/ingredients_controller.rb:48:in `set_item'
Processing by Api::IngredientsController#index as HTML
  Parameters: {"item_id"=>"2"}
  [1m[36mItem Load (3.6ms)[0m  [1m[34mSELECT "items".* FROM "items" WHERE "items"."id" = $1 LIMIT $2[0m  [["id", 2], ["LIMIT", 1]]
  ↳ app/controllers/api/ingredients_controller.rb:48:in `set_item'
  [1m[36mIngredient Load (4.0ms)[0m  [1m[34mSELECT "ingredients".* FROM "ingredients" WHERE "ingredients"."item_id" = $1[0m  [["item_id", 1]]
  ↳ app/controllers/api/ingredients_controller.rb:8:in `index'
  [1m[36mIngredient Load (1.9ms)[0m  [1m[34mSELECT "ingredients".* FROM "ingredients" WHERE "ingredients"."item_id" = $1[0m  [["item_id", 2]]
  ↳ app/controllers/api/ingredients_controller.rb:8:in `index'
Completed 200 OK in 48ms (Views: 14.1ms | ActiveRecord: 23.9ms | Allocations: 22359)


Completed 200 OK in 28ms (Views: 6.5ms | ActiveRecord: 16.7ms | Allocations: 14581)


Processing by Api::ItemsController#show as HTML
  Parameters: {"session_id"=>"1", "id"=>"2"}
  [1m[36mSession Load (1.1ms)[0m  [1m[34mSELECT "sessions".* FROM "sessions" WHERE "sessions"."id" = $1 LIMIT $2[0m  [["id", 1], ["LIMIT", 1]]
  ↳ app/controllers/api/items_controller.rb:48:in `set_session'
  [1m[36mItem Load (1.1ms)[0m  [1m[34mSELECT "items".* FROM "items" WHERE "items"."session_id" = $1 AND "items"."id" = $2 LIMIT $3[0m  [["session_id", 1], ["id", 2], ["LIMIT", 1]]
  ↳ app/controllers/api/items_controller.rb:44:in `set_item'
Started GET "/api/items/2/ingredients/5" for ::1 at 2020-06-08 16:28:15 -0600
Completed 200 OK in 21ms (Views: 0.7ms | ActiveRecord: 3.0ms | Allocations: 5811)


Started GET "/api/items/2/ingredients/4" for ::1 at 2020-06-08 16:28:15 -0600
Processing by Api::IngredientsController#show as HTML
  Parameters: {"item_id"=>"2", "id"=>"5"}
Started GET "/api/items/1/ingredients/1" for ::1 at 2020-06-08 16:28:15 -0600
Started GET "/api/items/1/ingredients/2" for ::1 at 2020-06-08 16:28:15 -0600
  [1m[36mItem Load (0.5ms)[0m  [1m[34mSELECT "items".* FROM "items" WHERE "items"."id" = $1 LIMIT $2[0m  [["id", 2], ["LIMIT", 1]]
  ↳ app/controllers/api/ingredients_controller.rb:48:in `set_item'
Processing by Api::IngredientsController#show as HTML
  Parameters: {"item_id"=>"2", "id"=>"4"}
  [1m[36mIngredient Load (2.7ms)[0m  [1m[34mSELECT "ingredients".* FROM "ingredients" WHERE "ingredients"."item_id" = $1 AND "ingredients"."id" = $2 LIMIT $3[0m  [["item_id", 2], ["id", 5], ["LIMIT", 1]]
  ↳ app/controllers/api/ingredients_controller.rb:44:in `set_ingredient'
Processing by Api::IngredientsController#show as HTML
Completed 200 OK in 14ms (Views: 0.3ms | ActiveRecord: 3.2ms | Allocations: 6244)


  [1m[36mItem Load (4.5ms)[0m  [1m[34mSELECT "items".* FROM "items" WHERE "items"."id" = $1 LIMIT $2[0m  [["id", 2], ["LIMIT", 1]]
  ↳ app/controllers/api/ingredients_controller.rb:48:in `set_item'
  Parameters: {"item_id"=>"1", "id"=>"1"}
Processing by Api::IngredientsController#show as HTML
  Parameters: {"item_id"=>"1", "id"=>"2"}
  [1m[36mItem Load (1.2ms)[0m  [1m[34mSELECT "items".* FROM "items" WHERE "items"."id" = $1 LIMIT $2[0m  [["id", 1], ["LIMIT", 1]]
  [1m[36mIngredient Load (1.7ms)[0m  [1m[34mSELECT "ingredients".* FROM "ingredients" WHERE "ingredients"."item_id" = $1 AND "ingredients"."id" = $2 LIMIT $3[0m  [["item_id", 2], ["id", 4], ["LIMIT", 1]]
  ↳ app/controllers/api/ingredients_controller.rb:44:in `set_ingredient'
Completed 200 OK in 21ms (Views: 0.3ms | ActiveRecord: 6.2ms | Allocations: 12142)


  ↳ app/controllers/api/ingredients_controller.rb:48:in `set_item'
  [1m[36mItem Load (6.2ms)[0m  [1m[34mSELECT "items".* FROM "items" WHERE "items"."id" = $1 LIMIT $2[0m  [["id", 1], ["LIMIT", 1]]
  ↳ app/controllers/api/ingredients_controller.rb:48:in `set_item'
  [1m[36mIngredient Load (1.2ms)[0m  [1m[34mSELECT "ingredients".* FROM "ingredients" WHERE "ingredients"."item_id" = $1 AND "ingredients"."id" = $2 LIMIT $3[0m  [["item_id", 1], ["id", 1], ["LIMIT", 1]]
  ↳ app/controllers/api/ingredients_controller.rb:44:in `set_ingredient'
Completed 200 OK in 29ms (Views: 0.6ms | ActiveRecord: 2.4ms | Allocations: 12671)


  [1m[36mIngredient Load (6.2ms)[0m  [1m[34mSELECT "ingredients".* FROM "ingredients" WHERE "ingredients"."item_id" = $1 AND "ingredients"."id" = $2 LIMIT $3[0m  [["item_id", 1], ["id", 2], ["LIMIT", 1]]
  ↳ app/controllers/api/ingredients_controller.rb:44:in `set_ingredient'
Completed 200 OK in 33ms (Views: 0.3ms | ActiveRecord: 12.4ms | Allocations: 17942)


Started GET "/api/items/1/ingredients/3" for ::1 at 2020-06-08 16:28:15 -0600
Processing by Api::IngredientsController#show as HTML
  Parameters: {"item_id"=>"1", "id"=>"3"}
  [1m[36mItem Load (0.3ms)[0m  [1m[34mSELECT "items".* FROM "items" WHERE "items"."id" = $1 LIMIT $2[0m  [["id", 1], ["LIMIT", 1]]
  ↳ app/controllers/api/ingredients_controller.rb:48:in `set_item'
  [1m[36mIngredient Load (0.4ms)[0m  [1m[34mSELECT "ingredients".* FROM "ingredients" WHERE "ingredients"."item_id" = $1 AND "ingredients"."id" = $2 LIMIT $3[0m  [["item_id", 1], ["id", 3], ["LIMIT", 1]]
  ↳ app/controllers/api/ingredients_controller.rb:44:in `set_ingredient'
Completed 200 OK in 7ms (Views: 0.3ms | ActiveRecord: 0.7ms | Allocations: 4585)


Started PATCH "/api/items/1/ingredients/1" for ::1 at 2020-06-08 16:28:28 -0600
Processing by Api::IngredientsController#update as HTML
  Parameters: {"assigned"=>"asdfeasdf", "complete"=>true, "item_id"=>"1", "id"=>"1", "ingredient"=>{"complete"=>true, "assigned"=>"asdfeasdf"}}
  [1m[36mItem Load (0.4ms)[0m  [1m[34mSELECT "items".* FROM "items" WHERE "items"."id" = $1 LIMIT $2[0m  [["id", 1], ["LIMIT", 1]]
  ↳ app/controllers/api/ingredients_controller.rb:48:in `set_item'
  [1m[36mIngredient Load (0.4ms)[0m  [1m[34mSELECT "ingredients".* FROM "ingredients" WHERE "ingredients"."item_id" = $1 AND "ingredients"."id" = $2 LIMIT $3[0m  [["item_id", 1], ["id", 1], ["LIMIT", 1]]
  ↳ app/controllers/api/ingredients_controller.rb:44:in `set_ingredient'
  [1m[35m (0.7ms)[0m  [1m[35mBEGIN[0m
  ↳ app/controllers/api/ingredients_controller.rb:26:in `update'
  [1m[36mIngredient Update (7.6ms)[0m  [1m[33mUPDATE "ingredients" SET "assigned" = $1, "complete" = $2, "updated_at" = $3 WHERE "ingredients"."id" = $4[0m  [["assigned", "asdfeasdf"], ["complete", true], ["updated_at", "2020-06-08 22:28:28.820042"], ["id", 1]]
  ↳ app/controllers/api/ingredients_controller.rb:26:in `update'
  [1m[35m (0.6ms)[0m  [1m[35mCOMMIT[0m
  ↳ app/controllers/api/ingredients_controller.rb:26:in `update'
Completed 200 OK in 24ms (Views: 0.3ms | ActiveRecord: 9.7ms | Allocations: 10179)


Started PATCH "/api/sessions/1/items/1" for ::1 at 2020-06-08 16:28:28 -0600
Processing by Api::ItemsController#update as HTML
  Parameters: {"complete"=>false, "session_id"=>"1", "id"=>"1", "item"=>{"complete"=>false}}
  [1m[36mSession Load (0.8ms)[0m  [1m[34mSELECT "sessions".* FROM "sessions" WHERE "sessions"."id" = $1 LIMIT $2[0m  [["id", 1], ["LIMIT", 1]]
  ↳ app/controllers/api/items_controller.rb:48:in `set_session'
  [1m[36mItem Load (0.4ms)[0m  [1m[34mSELECT "items".* FROM "items" WHERE "items"."session_id" = $1 AND "items"."id" = $2 LIMIT $3[0m  [["session_id", 1], ["id", 1], ["LIMIT", 1]]
  ↳ app/controllers/api/items_controller.rb:44:in `set_item'
  [1m[35m (0.1ms)[0m  [1m[35mBEGIN[0m
  ↳ app/controllers/api/items_controller.rb:26:in `update'
  [1m[36mItem Update (0.5ms)[0m  [1m[33mUPDATE "items" SET "complete" = $1, "updated_at" = $2 WHERE "items"."id" = $3[0m  [["complete", false], ["updated_at", "2020-06-08 22:28:28.863343"], ["id", 1]]
  ↳ app/controllers/api/items_controller.rb:26:in `update'
  [1m[35m (0.5ms)[0m  [1m[35mCOMMIT[0m
  ↳ app/controllers/api/items_controller.rb:26:in `update'
Completed 200 OK in 17ms (Views: 0.3ms | ActiveRecord: 2.2ms | Allocations: 9924)


Started PATCH "/api/items/1/ingredients/2" for ::1 at 2020-06-08 16:28:31 -0600
Processing by Api::IngredientsController#update as HTML
  Parameters: {"assigned"=>"asdfeasdf", "complete"=>true, "item_id"=>"1", "id"=>"2", "ingredient"=>{"complete"=>true, "assigned"=>"asdfeasdf"}}
  [1m[36mItem Load (0.5ms)[0m  [1m[34mSELECT "items".* FROM "items" WHERE "items"."id" = $1 LIMIT $2[0m  [["id", 1], ["LIMIT", 1]]
  ↳ app/controllers/api/ingredients_controller.rb:48:in `set_item'
  [1m[36mIngredient Load (0.5ms)[0m  [1m[34mSELECT "ingredients".* FROM "ingredients" WHERE "ingredients"."item_id" = $1 AND "ingredients"."id" = $2 LIMIT $3[0m  [["item_id", 1], ["id", 2], ["LIMIT", 1]]
  ↳ app/controllers/api/ingredients_controller.rb:44:in `set_ingredient'
  [1m[35m (0.2ms)[0m  [1m[35mBEGIN[0m
  ↳ app/controllers/api/ingredients_controller.rb:26:in `update'
  [1m[36mIngredient Update (0.6ms)[0m  [1m[33mUPDATE "ingredients" SET "assigned" = $1, "complete" = $2, "updated_at" = $3 WHERE "ingredients"."id" = $4[0m  [["assigned", "asdfeasdf"], ["complete", true], ["updated_at", "2020-06-08 22:28:31.341849"], ["id", 2]]
  ↳ app/controllers/api/ingredients_controller.rb:26:in `update'
  [1m[35m (5.6ms)[0m  [1m[35mCOMMIT[0m
  ↳ app/controllers/api/ingredients_controller.rb:26:in `update'
Completed 200 OK in 23ms (Views: 0.3ms | ActiveRecord: 7.3ms | Allocations: 9987)


Started PATCH "/api/sessions/1/items/1" for ::1 at 2020-06-08 16:28:31 -0600
Processing by Api::ItemsController#update as HTML
  Parameters: {"complete"=>false, "session_id"=>"1", "id"=>"1", "item"=>{"complete"=>false}}
  [1m[36mSession Load (0.6ms)[0m  [1m[34mSELECT "sessions".* FROM "sessions" WHERE "sessions"."id" = $1 LIMIT $2[0m  [["id", 1], ["LIMIT", 1]]
  ↳ app/controllers/api/items_controller.rb:48:in `set_session'
  [1m[36mItem Load (0.5ms)[0m  [1m[34mSELECT "items".* FROM "items" WHERE "items"."session_id" = $1 AND "items"."id" = $2 LIMIT $3[0m  [["session_id", 1], ["id", 1], ["LIMIT", 1]]
  ↳ app/controllers/api/items_controller.rb:44:in `set_item'
Completed 200 OK in 9ms (Views: 0.3ms | ActiveRecord: 1.1ms | Allocations: 4963)


Started POST "/api/sessions/undefined/items" for 127.0.0.1 at 2020-06-08 16:35:27 -0600
  [1m[35m (0.9ms)[0m  [1m[34mSELECT "schema_migrations"."version" FROM "schema_migrations" ORDER BY "schema_migrations"."version" ASC[0m
Processing by Api::ItemsController#create as HTML
  Parameters: {"label"=>"easdf", "foodstuff"=>"Food", "session_id"=>"undefined", "item"=>{"label"=>"easdf", "foodstuff"=>"Food"}}
  [1m[36mSession Load (0.4ms)[0m  [1m[34mSELECT "sessions".* FROM "sessions" WHERE "sessions"."id" = $1 LIMIT $2[0m  [["id", nil], ["LIMIT", 1]]
  ↳ app/controllers/api/items_controller.rb:48:in `set_session'
Completed 500  in 15ms (ActiveRecord: 8.5ms | Allocations: 6224)



ActiveRecord::RecordNotFound - Couldn't find Session with 'id'=undefined:
  app/controllers/api/items_controller.rb:48:in `set_session'

Started GET "/api/sessions" for 127.0.0.1 at 2020-06-08 16:35:28 -0600
Started GET "/api/sessions/undefined/items" for 127.0.0.1 at 2020-06-08 16:35:28 -0600
Processing by Api::SessionsController#index as HTML
  [1m[36mSession Load (0.8ms)[0m  [1m[34mSELECT "sessions".* FROM "sessions"[0m
  ↳ app/controllers/api/sessions_controller.rb:6:in `index'
Completed 200 OK in 22ms (Views: 18.7ms | ActiveRecord: 0.8ms | Allocations: 5995)


Processing by Api::ItemsController#index as HTML
  Parameters: {"session_id"=>"undefined"}
  [1m[36mSession Load (0.7ms)[0m  [1m[34mSELECT "sessions".* FROM "sessions" WHERE "sessions"."id" = $1 LIMIT $2[0m  [["id", nil], ["LIMIT", 1]]
  ↳ app/controllers/api/items_controller.rb:48:in `set_session'
Completed 500  in 6ms (ActiveRecord: 1.0ms | Allocations: 3374)



ActiveRecord::RecordNotFound - Couldn't find Session with 'id'=undefined:
  app/controllers/api/items_controller.rb:48:in `set_session'

Started GET "/api/sessions/1/attendees" for 127.0.0.1 at 2020-06-08 16:35:28 -0600
Started GET "/api/sessions/1/items" for 127.0.0.1 at 2020-06-08 16:35:28 -0600
Processing by Api::ItemsController#index as HTML
Processing by Api::AttendeesController#index as HTML
  Parameters: {"session_id"=>"1"}
  Parameters: {"session_id"=>"1"}
Started GET "/api/sessions/undefined/items" for 127.0.0.1 at 2020-06-08 16:35:28 -0600
  [1m[36mSession Load (2.5ms)[0m  [1m[34mSELECT "sessions".* FROM "sessions" WHERE "sessions"."id" = $1 LIMIT $2[0m  [["id", 1], ["LIMIT", 1]]
  [1m[36mSession Load (2.3ms)[0m  [1m[34mSELECT "sessions".* FROM "sessions" WHERE "sessions"."id" = $1 LIMIT $2[0m  [["id", 1], ["LIMIT", 1]]
  ↳ app/controllers/api/attendees_controller.rb:48:in `set_session'
  ↳ app/controllers/api/items_controller.rb:48:in `set_session'
  [1m[36mItem Load (2.4ms)[0m  [1m[34mSELECT "items".* FROM "items" WHERE "items"."session_id" = $1[0m  [["session_id", 1]]
  ↳ app/controllers/api/items_controller.rb:8:in `index'
  [1m[36mAttendee Load (13.6ms)[0m  [1m[34mSELECT "attendees".* FROM "attendees" WHERE "attendees"."session_id" = $1[0m  [["session_id", 1]]
  ↳ app/controllers/api/attendees_controller.rb:8:in `index'
Completed 200 OK in 69ms (Views: 34.3ms | ActiveRecord: 10.5ms | Allocations: 18927)


Completed 200 OK in 85ms (Views: 18.9ms | ActiveRecord: 45.2ms | Allocations: 26731)


Processing by Api::ItemsController#index as HTML
  Parameters: {"session_id"=>"undefined"}
  [1m[36mSession Load (0.8ms)[0m  [1m[34mSELECT "sessions".* FROM "sessions" WHERE "sessions"."id" = $1 LIMIT $2[0m  [["id", nil], ["LIMIT", 1]]
  ↳ app/controllers/api/items_controller.rb:48:in `set_session'
Completed 500  in 8ms (ActiveRecord: 2.0ms | Allocations: 3402)


Started GET "/api/sessions/1/items" for 127.0.0.1 at 2020-06-08 16:35:28 -0600
Processing by Api::ItemsController#index as HTML
  Parameters: {"session_id"=>"1"}

ActiveRecord::RecordNotFound - Couldn't find Session with 'id'=undefined:
  app/controllers/api/items_controller.rb:48:in `set_session'

  [1m[36mSession Load (4.6ms)[0m  [1m[34mSELECT "sessions".* FROM "sessions" WHERE "sessions"."id" = $1 LIMIT $2[0m  [["id", 1], ["LIMIT", 1]]
  ↳ app/controllers/api/items_controller.rb:48:in `set_session'
  [1m[36mItem Load (1.8ms)[0m  [1m[34mSELECT "items".* FROM "items" WHERE "items"."session_id" = $1[0m  [["session_id", 1]]
  ↳ app/controllers/api/items_controller.rb:8:in `index'
Completed 200 OK in 18ms (Views: 5.5ms | ActiveRecord: 6.4ms | Allocations: 9670)


Started GET "/api/sessions/1/items/1" for 127.0.0.1 at 2020-06-08 16:35:28 -0600
Started GET "/api/items/1/ingredients/" for 127.0.0.1 at 2020-06-08 16:35:28 -0600
Processing by Api::ItemsController#show as HTML
  Parameters: {"session_id"=>"1", "id"=>"1"}
  [1m[36mSession Load (0.8ms)[0m  [1m[34mSELECT "sessions".* FROM "sessions" WHERE "sessions"."id" = $1 LIMIT $2[0m  [["id", 1], ["LIMIT", 1]]
Processing by Api::IngredientsController#index as HTML
  ↳ app/controllers/api/items_controller.rb:48:in `set_session'
  Parameters: {"item_id"=>"1"}
  [1m[36mItem Load (1.3ms)[0m  [1m[34mSELECT "items".* FROM "items" WHERE "items"."session_id" = $1 AND "items"."id" = $2 LIMIT $3[0m  [["session_id", 1], ["id", 1], ["LIMIT", 1]]
  ↳ app/controllers/api/items_controller.rb:44:in `set_item'
Completed 200 OK in 17ms (Views: 1.1ms | ActiveRecord: 2.1ms | Allocations: 5999)


  [1m[36mItem Load (6.9ms)[0m  [1m[34mSELECT "items".* FROM "items" WHERE "items"."id" = $1 LIMIT $2[0m  [["id", 1], ["LIMIT", 1]]
  ↳ app/controllers/api/ingredients_controller.rb:48:in `set_item'
  [1m[36mIngredient Load (0.8ms)[0m  [1m[34mSELECT "ingredients".* FROM "ingredients" WHERE "ingredients"."item_id" = $1[0m  [["item_id", 1]]
  ↳ app/controllers/api/ingredients_controller.rb:8:in `index'
Completed 200 OK in 54ms (Views: 15.7ms | ActiveRecord: 21.1ms | Allocations: 17617)


Started GET "/api/items/2/ingredients/" for 127.0.0.1 at 2020-06-08 16:35:29 -0600
Started GET "/api/sessions/1/items/2" for 127.0.0.1 at 2020-06-08 16:35:29 -0600
Processing by Api::ItemsController#show as HTML
Processing by Api::IngredientsController#index as HTML
  Parameters: {"session_id"=>"1", "id"=>"2"}
  Parameters: {"item_id"=>"2"}
  [1m[36mSession Load (0.4ms)[0m  [1m[34mSELECT "sessions".* FROM "sessions" WHERE "sessions"."id" = $1 LIMIT $2[0m  [["id", 1], ["LIMIT", 1]]
  ↳ app/controllers/api/items_controller.rb:48:in `set_session'
  [1m[36mItem Load (2.5ms)[0m  [1m[34mSELECT "items".* FROM "items" WHERE "items"."id" = $1 LIMIT $2[0m  [["id", 2], ["LIMIT", 1]]
  ↳ app/controllers/api/ingredients_controller.rb:48:in `set_item'
  [1m[36mItem Load (0.7ms)[0m  [1m[34mSELECT "items".* FROM "items" WHERE "items"."session_id" = $1 AND "items"."id" = $2 LIMIT $3[0m  [["session_id", 1], ["id", 2], ["LIMIT", 1]]
  [1m[36mIngredient Load (1.2ms)[0m  [1m[34mSELECT "ingredients".* FROM "ingredients" WHERE "ingredients"."item_id" = $1[0m  [["item_id", 2]]
  ↳ app/controllers/api/items_controller.rb:44:in `set_item'
  ↳ app/controllers/api/ingredients_controller.rb:8:in `index'
Completed 200 OK in 16ms (Views: 7.6ms | ActiveRecord: 3.7ms | Allocations: 7469)


Completed 200 OK in 29ms (Views: 0.7ms | ActiveRecord: 1.1ms | Allocations: 9352)


Started GET "/api/items/1/ingredients/1" for 127.0.0.1 at 2020-06-08 16:35:29 -0600
Started GET "/api/items/1/ingredients/2" for 127.0.0.1 at 2020-06-08 16:35:29 -0600
Started GET "/api/items/1/ingredients/3" for 127.0.0.1 at 2020-06-08 16:35:29 -0600
Processing by Api::IngredientsController#show as HTML
  Parameters: {"item_id"=>"1", "id"=>"3"}
  [1m[36mItem Load (1.2ms)[0m  [1m[34mSELECT "items".* FROM "items" WHERE "items"."id" = $1 LIMIT $2[0m  [["id", 1], ["LIMIT", 1]]
  ↳ app/controllers/api/ingredients_controller.rb:48:in `set_item'
  [1m[36mIngredient Load (1.2ms)[0m  [1m[34mSELECT "ingredients".* FROM "ingredients" WHERE "ingredients"."item_id" = $1 AND "ingredients"."id" = $2 LIMIT $3[0m  [["item_id", 1], ["id", 3], ["LIMIT", 1]]
  ↳ app/controllers/api/ingredients_controller.rb:44:in `set_ingredient'
Completed 200 OK in 15ms (Views: 0.3ms | ActiveRecord: 2.4ms | Allocations: 7186)


Processing by Api::IngredientsController#show as HTML
Processing by Api::IngredientsController#show as HTML
  Parameters: {"item_id"=>"1", "id"=>"2"}
  Parameters: {"item_id"=>"1", "id"=>"1"}
  [1m[36mItem Load (1.0ms)[0m  [1m[34mSELECT "items".* FROM "items" WHERE "items"."id" = $1 LIMIT $2[0m  [["id", 1], ["LIMIT", 1]]
  ↳ app/controllers/api/ingredients_controller.rb:48:in `set_item'
  [1m[36mItem Load (2.4ms)[0m  [1m[34mSELECT "items".* FROM "items" WHERE "items"."id" = $1 LIMIT $2[0m  [["id", 1], ["LIMIT", 1]]
  ↳ app/controllers/api/ingredients_controller.rb:48:in `set_item'
  [1m[36mIngredient Load (2.7ms)[0m  [1m[34mSELECT "ingredients".* FROM "ingredients" WHERE "ingredients"."item_id" = $1 AND "ingredients"."id" = $2 LIMIT $3[0m  [["item_id", 1], ["id", 2], ["LIMIT", 1]]
  ↳ app/controllers/api/ingredients_controller.rb:44:in `set_ingredient'
Started GET "/api/items/2/ingredients/4" for 127.0.0.1 at 2020-06-08 16:35:29 -0600
Started GET "/api/items/2/ingredients/5" for 127.0.0.1 at 2020-06-08 16:35:29 -0600
  [1m[36mIngredient Load (7.4ms)[0m  [1m[34mSELECT "ingredients".* FROM "ingredients" WHERE "ingredients"."item_id" = $1 AND "ingredients"."id" = $2 LIMIT $3[0m  [["item_id", 1], ["id", 1], ["LIMIT", 1]]
Completed 200 OK in 21ms (Views: 0.6ms | ActiveRecord: 4.3ms | Allocations: 7720)


  ↳ app/controllers/api/ingredients_controller.rb:44:in `set_ingredient'
Completed 200 OK in 35ms (Views: 0.4ms | ActiveRecord: 10.8ms | Allocations: 14155)


Processing by Api::IngredientsController#show as HTML
  Parameters: {"item_id"=>"2", "id"=>"4"}
Processing by Api::IngredientsController#show as HTML
  Parameters: {"item_id"=>"2", "id"=>"5"}
  [1m[36mItem Load (2.4ms)[0m  [1m[34mSELECT "items".* FROM "items" WHERE "items"."id" = $1 LIMIT $2[0m  [["id", 2], ["LIMIT", 1]]
  ↳ app/controllers/api/ingredients_controller.rb:48:in `set_item'
  [1m[36mItem Load (1.6ms)[0m  [1m[34mSELECT "items".* FROM "items" WHERE "items"."id" = $1 LIMIT $2[0m  [["id", 2], ["LIMIT", 1]]
  ↳ app/controllers/api/ingredients_controller.rb:48:in `set_item'
  [1m[36mIngredient Load (3.7ms)[0m  [1m[34mSELECT "ingredients".* FROM "ingredients" WHERE "ingredients"."item_id" = $1 AND "ingredients"."id" = $2 LIMIT $3[0m  [["item_id", 2], ["id", 4], ["LIMIT", 1]]
  ↳ app/controllers/api/ingredients_controller.rb:44:in `set_ingredient'
Completed 200 OK in 14ms (Views: 0.3ms | ActiveRecord: 6.1ms | Allocations: 7271)


  [1m[36mIngredient Load (3.3ms)[0m  [1m[34mSELECT "ingredients".* FROM "ingredients" WHERE "ingredients"."item_id" = $1 AND "ingredients"."id" = $2 LIMIT $3[0m  [["item_id", 2], ["id", 5], ["LIMIT", 1]]
  ↳ app/controllers/api/ingredients_controller.rb:44:in `set_ingredient'
Completed 200 OK in 20ms (Views: 0.3ms | ActiveRecord: 4.9ms | Allocations: 12420)


Started POST "/api/sessions/1/items" for 127.0.0.1 at 2020-06-08 16:35:35 -0600
Processing by Api::ItemsController#create as HTML
  Parameters: {"label"=>"easdf", "foodstuff"=>"Food", "session_id"=>"1", "item"=>{"label"=>"easdf", "foodstuff"=>"Food"}}
  [1m[36mSession Load (0.3ms)[0m  [1m[34mSELECT "sessions".* FROM "sessions" WHERE "sessions"."id" = $1 LIMIT $2[0m  [["id", 1], ["LIMIT", 1]]
  ↳ app/controllers/api/items_controller.rb:48:in `set_session'
  [1m[35m (0.2ms)[0m  [1m[35mBEGIN[0m
  ↳ app/controllers/api/items_controller.rb:18:in `create'
  [1m[36mItem Create (15.7ms)[0m  [1m[32mINSERT INTO "items" ("label", "foodstuff", "session_id", "created_at", "updated_at") VALUES ($1, $2, $3, $4, $5) RETURNING "id"[0m  [["label", "easdf"], ["foodstuff", "Food"], ["session_id", 1], ["created_at", "2020-06-08 22:35:35.315624"], ["updated_at", "2020-06-08 22:35:35.315624"]]
  ↳ app/controllers/api/items_controller.rb:18:in `create'
  [1m[35m (0.5ms)[0m  [1m[35mCOMMIT[0m
  ↳ app/controllers/api/items_controller.rb:18:in `create'
Completed 200 OK in 27ms (Views: 0.3ms | ActiveRecord: 16.8ms | Allocations: 8598)


Started POST "/api/items/4/ingredients" for 127.0.0.1 at 2020-06-08 16:35:35 -0600
Processing by Api::IngredientsController#create as HTML
  Parameters: {"name"=>"easdfasdf", "assigned"=>"", "complete"=>false, "item_id"=>"4", "ingredient"=>{"name"=>"easdfasdf", "complete"=>false, "assigned"=>""}}
  [1m[36mItem Load (0.3ms)[0m  [1m[34mSELECT "items".* FROM "items" WHERE "items"."id" = $1 LIMIT $2[0m  [["id", 4], ["LIMIT", 1]]
  ↳ app/controllers/api/ingredients_controller.rb:48:in `set_item'
  [1m[35m (0.1ms)[0m  [1m[35mBEGIN[0m
  ↳ app/controllers/api/ingredients_controller.rb:18:in `create'
  [1m[36mIngredient Create (1.2ms)[0m  [1m[32mINSERT INTO "ingredients" ("name", "complete", "assigned", "item_id", "created_at", "updated_at") VALUES ($1, $2, $3, $4, $5, $6) RETURNING "id"[0m  [["name", "easdfasdf"], ["complete", false], ["assigned", ""], ["item_id", 4], ["created_at", "2020-06-08 22:35:35.367866"], ["updated_at", "2020-06-08 22:35:35.367866"]]
  ↳ app/controllers/api/ingredients_controller.rb:18:in `create'
  [1m[35m (0.8ms)[0m  [1m[35mCOMMIT[0m
  ↳ app/controllers/api/ingredients_controller.rb:18:in `create'
Completed 200 OK in 16ms (Views: 0.5ms | ActiveRecord: 2.5ms | Allocations: 8505)


Started GET "/api/items/4/ingredients/" for 127.0.0.1 at 2020-06-08 16:35:35 -0600
Started GET "/api/sessions/1/items/4" for 127.0.0.1 at 2020-06-08 16:35:35 -0600
Processing by Api::IngredientsController#index as HTML
Processing by Api::ItemsController#show as HTML
  Parameters: {"item_id"=>"4"}
  Parameters: {"session_id"=>"1", "id"=>"4"}
  [1m[36mItem Load (1.0ms)[0m  [1m[34mSELECT "items".* FROM "items" WHERE "items"."id" = $1 LIMIT $2[0m  [["id", 4], ["LIMIT", 1]]
  ↳ app/controllers/api/ingredients_controller.rb:48:in `set_item'
  [1m[36mSession Load (3.1ms)[0m  [1m[34mSELECT "sessions".* FROM "sessions" WHERE "sessions"."id" = $1 LIMIT $2[0m  [["id", 1], ["LIMIT", 1]]
  ↳ app/controllers/api/items_controller.rb:48:in `set_session'
  [1m[36mIngredient Load (0.8ms)[0m  [1m[34mSELECT "ingredients".* FROM "ingredients" WHERE "ingredients"."item_id" = $1[0m  [["item_id", 4]]
  ↳ app/controllers/api/ingredients_controller.rb:8:in `index'
Completed 200 OK in 10ms (Views: 4.5ms | ActiveRecord: 1.8ms | Allocations: 6438)


  [1m[36mItem Load (1.8ms)[0m  [1m[34mSELECT "items".* FROM "items" WHERE "items"."session_id" = $1 AND "items"."id" = $2 LIMIT $3[0m  [["session_id", 1], ["id", 4], ["LIMIT", 1]]
  ↳ app/controllers/api/items_controller.rb:44:in `set_item'
Completed 200 OK in 15ms (Views: 0.2ms | ActiveRecord: 4.9ms | Allocations: 11941)


Started GET "/api/items/4/ingredients/8" for 127.0.0.1 at 2020-06-08 16:35:35 -0600
Processing by Api::IngredientsController#show as HTML
  Parameters: {"item_id"=>"4", "id"=>"8"}
  [1m[36mItem Load (0.4ms)[0m  [1m[34mSELECT "items".* FROM "items" WHERE "items"."id" = $1 LIMIT $2[0m  [["id", 4], ["LIMIT", 1]]
  ↳ app/controllers/api/ingredients_controller.rb:48:in `set_item'
  [1m[36mIngredient Load (0.3ms)[0m  [1m[34mSELECT "ingredients".* FROM "ingredients" WHERE "ingredients"."item_id" = $1 AND "ingredients"."id" = $2 LIMIT $3[0m  [["item_id", 4], ["id", 8], ["LIMIT", 1]]
  ↳ app/controllers/api/ingredients_controller.rb:44:in `set_ingredient'
Completed 200 OK in 6ms (Views: 0.3ms | ActiveRecord: 0.6ms | Allocations: 4634)


Started GET "/api/sessions/undefined/items" for 127.0.0.1 at 2020-06-08 16:47:33 -0600
Started GET "/api/sessions" for 127.0.0.1 at 2020-06-08 16:47:33 -0600
  [1m[35m (1.0ms)[0m  [1m[34mSELECT "schema_migrations"."version" FROM "schema_migrations" ORDER BY "schema_migrations"."version" ASC[0m
  [1m[35m (11.1ms)[0m  [1m[34mSELECT "schema_migrations"."version" FROM "schema_migrations" ORDER BY "schema_migrations"."version" ASC[0m
Processing by Api::SessionsController#index as HTML
Processing by Api::ItemsController#index as HTML
  Parameters: {"session_id"=>"undefined"}
  [1m[36mSession Load (0.8ms)[0m  [1m[34mSELECT "sessions".* FROM "sessions"[0m
  ↳ app/controllers/api/sessions_controller.rb:6:in `index'
Completed 200 OK in 24ms (Views: 11.6ms | ActiveRecord: 6.0ms | Allocations: 10392)


  [1m[36mSession Load (10.2ms)[0m  [1m[34mSELECT "sessions".* FROM "sessions" WHERE "sessions"."id" = $1 LIMIT $2[0m  [["id", nil], ["LIMIT", 1]]
  ↳ app/controllers/api/items_controller.rb:48:in `set_session'
Completed 500  in 23ms (ActiveRecord: 16.9ms | Allocations: 14080)



ActiveRecord::RecordNotFound - Couldn't find Session with 'id'=undefined:
  app/controllers/api/items_controller.rb:48:in `set_session'

Started GET "/api/sessions/undefined/items" for 127.0.0.1 at 2020-06-08 16:47:33 -0600
Processing by Api::ItemsController#index as HTML
  Parameters: {"session_id"=>"undefined"}
  [1m[36mSession Load (0.4ms)[0m  [1m[34mSELECT "sessions".* FROM "sessions" WHERE "sessions"."id" = $1 LIMIT $2[0m  [["id", nil], ["LIMIT", 1]]
  ↳ app/controllers/api/items_controller.rb:48:in `set_session'
Completed 500  in 5ms (ActiveRecord: 0.4ms | Allocations: 2948)



ActiveRecord::RecordNotFound - Couldn't find Session with 'id'=undefined:
  app/controllers/api/items_controller.rb:48:in `set_session'

Started GET "/api/sessions/1/items" for 127.0.0.1 at 2020-06-08 16:47:33 -0600
Started GET "/api/sessions/1/attendees" for 127.0.0.1 at 2020-06-08 16:47:33 -0600
Processing by Api::AttendeesController#index as HTML
Processing by Api::ItemsController#index as HTML
  Parameters: {"session_id"=>"1"}
  Parameters: {"session_id"=>"1"}
  [1m[36mSession Load (0.8ms)[0m  [1m[34mSELECT "sessions".* FROM "sessions" WHERE "sessions"."id" = $1 LIMIT $2[0m  [["id", 1], ["LIMIT", 1]]
  ↳ app/controllers/api/attendees_controller.rb:48:in `set_session'
  [1m[36mSession Load (15.4ms)[0m  [1m[34mSELECT "sessions".* FROM "sessions" WHERE "sessions"."id" = $1 LIMIT $2[0m  [["id", 1], ["LIMIT", 1]]
  ↳ app/controllers/api/items_controller.rb:48:in `set_session'
  [1m[36mItem Load (0.7ms)[0m  [1m[34mSELECT "items".* FROM "items" WHERE "items"."session_id" = $1[0m  [["session_id", 1]]
  ↳ app/controllers/api/items_controller.rb:8:in `index'
  [1m[36mAttendee Load (1.4ms)[0m  [1m[34mSELECT "attendees".* FROM "attendees" WHERE "attendees"."session_id" = $1[0m  [["session_id", 1]]
  ↳ app/controllers/api/attendees_controller.rb:8:in `index'
Completed 200 OK in 64ms (Views: 16.6ms | ActiveRecord: 27.7ms | Allocations: 25215)


Completed 200 OK in 56ms (Views: 14.4ms | ActiveRecord: 33.0ms | Allocations: 20145)


Started GET "/api/sessions/1/items" for 127.0.0.1 at 2020-06-08 16:47:34 -0600
Processing by Api::ItemsController#index as HTML
  Parameters: {"session_id"=>"1"}
  [1m[36mSession Load (0.5ms)[0m  [1m[34mSELECT "sessions".* FROM "sessions" WHERE "sessions"."id" = $1 LIMIT $2[0m  [["id", 1], ["LIMIT", 1]]
  ↳ app/controllers/api/items_controller.rb:48:in `set_session'
  [1m[36mItem Load (0.5ms)[0m  [1m[34mSELECT "items".* FROM "items" WHERE "items"."session_id" = $1[0m  [["session_id", 1]]
  ↳ app/controllers/api/items_controller.rb:8:in `index'
Completed 200 OK in 8ms (Views: 3.7ms | ActiveRecord: 1.0ms | Allocations: 4736)


Started GET "/api/sessions/1/items/1" for 127.0.0.1 at 2020-06-08 16:47:34 -0600
Started GET "/api/items/1/ingredients/" for 127.0.0.1 at 2020-06-08 16:47:34 -0600
Started GET "/api/items/4/ingredients/" for 127.0.0.1 at 2020-06-08 16:47:34 -0600
Processing by Api::ItemsController#show as HTML
Started GET "/api/sessions/1/items/4" for 127.0.0.1 at 2020-06-08 16:47:34 -0600
  Parameters: {"session_id"=>"1", "id"=>"1"}
Processing by Api::ItemsController#show as HTML
  [1m[36mSession Load (1.8ms)[0m  [1m[34mSELECT "sessions".* FROM "sessions" WHERE "sessions"."id" = $1 LIMIT $2[0m  [["id", 1], ["LIMIT", 1]]
  ↳ app/controllers/api/items_controller.rb:48:in `set_session'
  Parameters: {"session_id"=>"1", "id"=>"4"}
  [1m[36mSession Load (2.9ms)[0m  [1m[34mSELECT "sessions".* FROM "sessions" WHERE "sessions"."id" = $1 LIMIT $2[0m  [["id", 1], ["LIMIT", 1]]
  ↳ app/controllers/api/items_controller.rb:48:in `set_session'
  [1m[36mItem Load (0.8ms)[0m  [1m[34mSELECT "items".* FROM "items" WHERE "items"."session_id" = $1 AND "items"."id" = $2 LIMIT $3[0m  [["session_id", 1], ["id", 1], ["LIMIT", 1]]
  ↳ app/controllers/api/items_controller.rb:44:in `set_item'
  [1m[36mItem Load (3.2ms)[0m  [1m[34mSELECT "items".* FROM "items" WHERE "items"."session_id" = $1 AND "items"."id" = $2 LIMIT $3[0m  [["session_id", 1], ["id", 4], ["LIMIT", 1]]
  ↳ app/controllers/api/items_controller.rb:44:in `set_item'
Completed 200 OK in 20ms (Views: 0.3ms | ActiveRecord: 2.6ms | Allocations: 8330)


Completed 200 OK in 21ms (Views: 0.5ms | ActiveRecord: 6.1ms | Allocations: 9733)


Started GET "/api/sessions/1/items/2" for 127.0.0.1 at 2020-06-08 16:47:34 -0600
Processing by Api::IngredientsController#index as HTML
Processing by Api::IngredientsController#index as HTML
  Parameters: {"item_id"=>"1"}
  Parameters: {"item_id"=>"4"}
Started GET "/api/items/2/ingredients/" for 127.0.0.1 at 2020-06-08 16:47:34 -0600
  [1m[36mItem Load (2.1ms)[0m  [1m[34mSELECT "items".* FROM "items" WHERE "items"."id" = $1 LIMIT $2[0m  [["id", 4], ["LIMIT", 1]]
  ↳ app/controllers/api/ingredients_controller.rb:48:in `set_item'
  [1m[36mItem Load (3.9ms)[0m  [1m[34mSELECT "items".* FROM "items" WHERE "items"."id" = $1 LIMIT $2[0m  [["id", 1], ["LIMIT", 1]]
  ↳ app/controllers/api/ingredients_controller.rb:48:in `set_item'
Processing by Api::IngredientsController#index as HTML
  Parameters: {"item_id"=>"2"}
  [1m[36mItem Load (1.3ms)[0m  [1m[34mSELECT "items".* FROM "items" WHERE "items"."id" = $1 LIMIT $2[0m  [["id", 2], ["LIMIT", 1]]
  ↳ app/controllers/api/ingredients_controller.rb:48:in `set_item'
  [1m[36mIngredient Load (2.6ms)[0m  [1m[34mSELECT "ingredients".* FROM "ingredients" WHERE "ingredients"."item_id" = $1[0m  [["item_id", 1]]
Processing by Api::ItemsController#show as HTML
  [1m[36mIngredient Load (2.7ms)[0m  [1m[34mSELECT "ingredients".* FROM "ingredients" WHERE "ingredients"."item_id" = $1[0m  [["item_id", 4]]
  ↳ app/controllers/api/ingredients_controller.rb:8:in `index'
  Parameters: {"session_id"=>"1", "id"=>"2"}
  ↳ app/controllers/api/ingredients_controller.rb:8:in `index'
  [1m[36mIngredient Load (2.2ms)[0m  [1m[34mSELECT "ingredients".* FROM "ingredients" WHERE "ingredients"."item_id" = $1[0m  [["item_id", 2]]
  ↳ app/controllers/api/ingredients_controller.rb:8:in `index'
Completed 200 OK in 57ms (Views: 12.9ms | ActiveRecord: 18.3ms | Allocations: 26227)


  [1m[36mSession Load (17.3ms)[0m  [1m[34mSELECT "sessions".* FROM "sessions" WHERE "sessions"."id" = $1 LIMIT $2[0m  [["id", 1], ["LIMIT", 1]]
  ↳ app/controllers/api/items_controller.rb:48:in `set_session'
Completed 200 OK in 48ms (Views: 12.8ms | ActiveRecord: 16.9ms | Allocations: 24087)


Completed 200 OK in 38ms (Views: 5.8ms | ActiveRecord: 25.8ms | Allocations: 26349)


  [1m[36mItem Load (1.0ms)[0m  [1m[34mSELECT "items".* FROM "items" WHERE "items"."session_id" = $1 AND "items"."id" = $2 LIMIT $3[0m  [["session_id", 1], ["id", 2], ["LIMIT", 1]]
  ↳ app/controllers/api/items_controller.rb:44:in `set_item'
Completed 200 OK in 33ms (Views: 0.3ms | ActiveRecord: 18.9ms | Allocations: 25846)


Started GET "/api/items/2/ingredients/4" for 127.0.0.1 at 2020-06-08 16:47:34 -0600
Started GET "/api/items/2/ingredients/5" for 127.0.0.1 at 2020-06-08 16:47:34 -0600
Processing by Api::IngredientsController#show as HTML
Processing by Api::IngredientsController#show as HTML
  Parameters: {"item_id"=>"2", "id"=>"4"}
  Parameters: {"item_id"=>"2", "id"=>"5"}
  [1m[36mItem Load (0.3ms)[0m  [1m[34mSELECT "items".* FROM "items" WHERE "items"."id" = $1 LIMIT $2[0m  [["id", 2], ["LIMIT", 1]]
  [1m[36mItem Load (0.8ms)[0m  [1m[34mSELECT "items".* FROM "items" WHERE "items"."id" = $1 LIMIT $2[0m  [["id", 2], ["LIMIT", 1]]
  ↳ app/controllers/api/ingredients_controller.rb:48:in `set_item'
  ↳ app/controllers/api/ingredients_controller.rb:48:in `set_item'
  [1m[36mIngredient Load (0.6ms)[0m  [1m[34mSELECT "ingredients".* FROM "ingredients" WHERE "ingredients"."item_id" = $1 AND "ingredients"."id" = $2 LIMIT $3[0m  [["item_id", 2], ["id", 5], ["LIMIT", 1]]
  [1m[36mIngredient Load (1.2ms)[0m  [1m[34mSELECT "ingredients".* FROM "ingredients" WHERE "ingredients"."item_id" = $1 AND "ingredients"."id" = $2 LIMIT $3[0m  [["item_id", 2], ["id", 4], ["LIMIT", 1]]
  ↳ app/controllers/api/ingredients_controller.rb:44:in `set_ingredient'
  ↳ app/controllers/api/ingredients_controller.rb:44:in `set_ingredient'
Started GET "/api/items/1/ingredients/3" for 127.0.0.1 at 2020-06-08 16:47:34 -0600
Completed 200 OK in 14ms (Views: 0.3ms | ActiveRecord: 1.0ms | Allocations: 7463)


Processing by Api::IngredientsController#show as HTML
  Parameters: {"item_id"=>"1", "id"=>"3"}
Completed 200 OK in 17ms (Views: 0.3ms | ActiveRecord: 2.0ms | Allocations: 9504)


Started GET "/api/items/1/ingredients/1" for 127.0.0.1 at 2020-06-08 16:47:34 -0600
Started GET "/api/items/4/ingredients/8" for 127.0.0.1 at 2020-06-08 16:47:34 -0600
Started GET "/api/items/1/ingredients/2" for 127.0.0.1 at 2020-06-08 16:47:34 -0600
  [1m[36mItem Load (5.2ms)[0m  [1m[34mSELECT "items".* FROM "items" WHERE "items"."id" = $1 LIMIT $2[0m  [["id", 1], ["LIMIT", 1]]
  ↳ app/controllers/api/ingredients_controller.rb:48:in `set_item'
  [1m[36mIngredient Load (1.3ms)[0m  [1m[34mSELECT "ingredients".* FROM "ingredients" WHERE "ingredients"."item_id" = $1 AND "ingredients"."id" = $2 LIMIT $3[0m  [["item_id", 1], ["id", 3], ["LIMIT", 1]]
  ↳ app/controllers/api/ingredients_controller.rb:44:in `set_ingredient'
Processing by Api::IngredientsController#show as HTML
  Parameters: {"item_id"=>"1", "id"=>"2"}
Processing by Api::IngredientsController#show as HTML
Completed 200 OK in 20ms (Views: 0.5ms | ActiveRecord: 6.5ms | Allocations: 9821)


  Parameters: {"item_id"=>"1", "id"=>"1"}
Processing by Api::IngredientsController#show as HTML
  [1m[36mItem Load (2.4ms)[0m  [1m[34mSELECT "items".* FROM "items" WHERE "items"."id" = $1 LIMIT $2[0m  [["id", 1], ["LIMIT", 1]]
  Parameters: {"item_id"=>"4", "id"=>"8"}
  ↳ app/controllers/api/ingredients_controller.rb:48:in `set_item'
  [1m[36mIngredient Load (0.6ms)[0m  [1m[34mSELECT "ingredients".* FROM "ingredients" WHERE "ingredients"."item_id" = $1 AND "ingredients"."id" = $2 LIMIT $3[0m  [["item_id", 1], ["id", 2], ["LIMIT", 1]]
  [1m[36mItem Load (1.6ms)[0m  [1m[34mSELECT "items".* FROM "items" WHERE "items"."id" = $1 LIMIT $2[0m  [["id", 1], ["LIMIT", 1]]
  ↳ app/controllers/api/ingredients_controller.rb:48:in `set_item'
  ↳ app/controllers/api/ingredients_controller.rb:44:in `set_ingredient'
  [1m[36mItem Load (7.4ms)[0m  [1m[34mSELECT "items".* FROM "items" WHERE "items"."id" = $1 LIMIT $2[0m  [["id", 4], ["LIMIT", 1]]
Completed 200 OK in 24ms (Views: 0.4ms | ActiveRecord: 3.0ms | Allocations: 10232)


  ↳ app/controllers/api/ingredients_controller.rb:48:in `set_item'
  [1m[36mIngredient Load (6.4ms)[0m  [1m[34mSELECT "ingredients".* FROM "ingredients" WHERE "ingredients"."item_id" = $1 AND "ingredients"."id" = $2 LIMIT $3[0m  [["item_id", 1], ["id", 1], ["LIMIT", 1]]
  ↳ app/controllers/api/ingredients_controller.rb:44:in `set_ingredient'
Completed 200 OK in 39ms (Views: 0.4ms | ActiveRecord: 8.0ms | Allocations: 14313)


  [1m[36mIngredient Load (6.0ms)[0m  [1m[34mSELECT "ingredients".* FROM "ingredients" WHERE "ingredients"."item_id" = $1 AND "ingredients"."id" = $2 LIMIT $3[0m  [["item_id", 4], ["id", 8], ["LIMIT", 1]]
  ↳ app/controllers/api/ingredients_controller.rb:44:in `set_ingredient'
Completed 200 OK in 53ms (Views: 0.4ms | ActiveRecord: 13.5ms | Allocations: 19207)


Started GET "/api/sessions/undefined/items" for 127.0.0.1 at 2020-06-08 16:49:34 -0600
Started GET "/api/sessions" for 127.0.0.1 at 2020-06-08 16:49:34 -0600
  [1m[35m (1.1ms)[0m  [1m[34mSELECT "schema_migrations"."version" FROM "schema_migrations" ORDER BY "schema_migrations"."version" ASC[0m
  [1m[35m (11.0ms)[0m  [1m[34mSELECT "schema_migrations"."version" FROM "schema_migrations" ORDER BY "schema_migrations"."version" ASC[0m
Processing by Api::SessionsController#index as HTML
Processing by Api::ItemsController#index as HTML
  Parameters: {"session_id"=>"undefined"}
  [1m[36mSession Load (1.0ms)[0m  [1m[34mSELECT "sessions".* FROM "sessions"[0m
  ↳ app/controllers/api/sessions_controller.rb:6:in `index'
  [1m[36mSession Load (0.5ms)[0m  [1m[34mSELECT "sessions".* FROM "sessions" WHERE "sessions"."id" = $1 LIMIT $2[0m  [["id", nil], ["LIMIT", 1]]
  ↳ app/controllers/api/items_controller.rb:48:in `set_session'
Completed 200 OK in 23ms (Views: 10.8ms | ActiveRecord: 7.2ms | Allocations: 10640)


Completed 500  in 21ms (ActiveRecord: 7.2ms | Allocations: 11581)



ActiveRecord::RecordNotFound - Couldn't find Session with 'id'=undefined:
  app/controllers/api/items_controller.rb:48:in `set_session'

Started GET "/api/sessions/undefined/items" for 127.0.0.1 at 2020-06-08 16:49:34 -0600
Processing by Api::ItemsController#index as HTML
  Parameters: {"session_id"=>"undefined"}
  [1m[36mSession Load (0.4ms)[0m  [1m[34mSELECT "sessions".* FROM "sessions" WHERE "sessions"."id" = $1 LIMIT $2[0m  [["id", nil], ["LIMIT", 1]]
  ↳ app/controllers/api/items_controller.rb:48:in `set_session'
Completed 500  in 5ms (ActiveRecord: 0.4ms | Allocations: 2950)


Started GET "/api/sessions/1/items" for 127.0.0.1 at 2020-06-08 16:49:34 -0600
Started GET "/api/sessions/1/attendees" for 127.0.0.1 at 2020-06-08 16:49:34 -0600
Processing by Api::ItemsController#index as HTML
  Parameters: {"session_id"=>"1"}

ActiveRecord::RecordNotFound - Couldn't find Session with 'id'=undefined:
  app/controllers/api/items_controller.rb:48:in `set_session'

  [1m[36mSession Load (2.4ms)[0m  [1m[34mSELECT "sessions".* FROM "sessions" WHERE "sessions"."id" = $1 LIMIT $2[0m  [["id", 1], ["LIMIT", 1]]
  ↳ app/controllers/api/items_controller.rb:48:in `set_session'
  [1m[36mItem Load (1.7ms)[0m  [1m[34mSELECT "items".* FROM "items" WHERE "items"."session_id" = $1[0m  [["session_id", 1]]
  ↳ app/controllers/api/items_controller.rb:8:in `index'
Completed 200 OK in 55ms (Views: 17.6ms | ActiveRecord: 12.4ms | Allocations: 20948)


Processing by Api::AttendeesController#index as HTML
  Parameters: {"session_id"=>"1"}
  [1m[36mSession Load (0.7ms)[0m  [1m[34mSELECT "sessions".* FROM "sessions" WHERE "sessions"."id" = $1 LIMIT $2[0m  [["id", 1], ["LIMIT", 1]]
  ↳ app/controllers/api/attendees_controller.rb:48:in `set_session'
Started GET "/api/sessions/1/items" for 127.0.0.1 at 2020-06-08 16:49:34 -0600
Processing by Api::ItemsController#index as HTML
  Parameters: {"session_id"=>"1"}
  [1m[36mSession Load (0.3ms)[0m  [1m[34mSELECT "sessions".* FROM "sessions" WHERE "sessions"."id" = $1 LIMIT $2[0m  [["id", 1], ["LIMIT", 1]]
  ↳ app/controllers/api/items_controller.rb:48:in `set_session'
  [1m[36mItem Load (1.4ms)[0m  [1m[34mSELECT "items".* FROM "items" WHERE "items"."session_id" = $1[0m  [["session_id", 1]]
  ↳ app/controllers/api/items_controller.rb:8:in `index'
Completed 200 OK in 8ms (Views: 3.3ms | ActiveRecord: 1.7ms | Allocations: 5849)


  [1m[36mAttendee Load (2.6ms)[0m  [1m[34mSELECT "attendees".* FROM "attendees" WHERE "attendees"."session_id" = $1[0m  [["session_id", 1]]
  ↳ app/controllers/api/attendees_controller.rb:8:in `index'
Completed 200 OK in 35ms (Views: 12.6ms | ActiveRecord: 13.5ms | Allocations: 20075)


Started GET "/api/sessions/1/items/4" for 127.0.0.1 at 2020-06-08 16:49:34 -0600
Started GET "/api/items/4/ingredients/" for 127.0.0.1 at 2020-06-08 16:49:34 -0600
Started GET "/api/sessions/1/items/1" for 127.0.0.1 at 2020-06-08 16:49:34 -0600
Started GET "/api/items/1/ingredients/" for 127.0.0.1 at 2020-06-08 16:49:34 -0600
Processing by Api::ItemsController#show as HTML
Processing by Api::IngredientsController#index as HTML
  Parameters: {"item_id"=>"4"}
Processing by Api::ItemsController#show as HTML
  Parameters: {"session_id"=>"1", "id"=>"4"}
  Parameters: {"session_id"=>"1", "id"=>"1"}
  [1m[36mSession Load (0.5ms)[0m  [1m[34mSELECT "sessions".* FROM "sessions" WHERE "sessions"."id" = $1 LIMIT $2[0m  [["id", 1], ["LIMIT", 1]]
  [1m[36mItem Load (0.8ms)[0m  [1m[34mSELECT "items".* FROM "items" WHERE "items"."id" = $1 LIMIT $2[0m  [["id", 4], ["LIMIT", 1]]
  ↳ app/controllers/api/items_controller.rb:48:in `set_session'
  [1m[36mSession Load (2.3ms)[0m  [1m[34mSELECT "sessions".* FROM "sessions" WHERE "sessions"."id" = $1 LIMIT $2[0m  [["id", 1], ["LIMIT", 1]]
  ↳ app/controllers/api/items_controller.rb:48:in `set_session'
  ↳ app/controllers/api/ingredients_controller.rb:48:in `set_item'
  [1m[36mItem Load (1.7ms)[0m  [1m[34mSELECT "items".* FROM "items" WHERE "items"."session_id" = $1 AND "items"."id" = $2 LIMIT $3[0m  [["session_id", 1], ["id", 1], ["LIMIT", 1]]
  ↳ app/controllers/api/items_controller.rb:44:in `set_item'
Completed 200 OK in 18ms (Views: 0.4ms | ActiveRecord: 4.1ms | Allocations: 10603)


  [1m[36mItem Load (4.4ms)[0m  [1m[34mSELECT "items".* FROM "items" WHERE "items"."session_id" = $1 AND "items"."id" = $2 LIMIT $3[0m  [["session_id", 1], ["id", 4], ["LIMIT", 1]]
  [1m[36mIngredient Load (7.4ms)[0m  [1m[34mSELECT "ingredients".* FROM "ingredients" WHERE "ingredients"."item_id" = $1[0m  [["item_id", 4]]
  ↳ app/controllers/api/items_controller.rb:44:in `set_item'
Completed 200 OK in 26ms (Views: 0.3ms | ActiveRecord: 5.0ms | Allocations: 17639)


  ↳ app/controllers/api/ingredients_controller.rb:8:in `index'
Completed 200 OK in 49ms (Views: 22.0ms | ActiveRecord: 15.0ms | Allocations: 28791)


Processing by Api::IngredientsController#index as HTML
  Parameters: {"item_id"=>"1"}
  [1m[36mItem Load (0.7ms)[0m  [1m[34mSELECT "items".* FROM "items" WHERE "items"."id" = $1 LIMIT $2[0m  [["id", 1], ["LIMIT", 1]]
  ↳ app/controllers/api/ingredients_controller.rb:48:in `set_item'
  [1m[36mIngredient Load (0.5ms)[0m  [1m[34mSELECT "ingredients".* FROM "ingredients" WHERE "ingredients"."item_id" = $1[0m  [["item_id", 1]]
  ↳ app/controllers/api/ingredients_controller.rb:8:in `index'
Completed 200 OK in 9ms (Views: 3.1ms | ActiveRecord: 1.5ms | Allocations: 5361)


Started GET "/api/sessions/1/items/2" for 127.0.0.1 at 2020-06-08 16:49:34 -0600
Started GET "/api/items/2/ingredients/" for 127.0.0.1 at 2020-06-08 16:49:34 -0600
Processing by Api::ItemsController#show as HTML
  Parameters: {"session_id"=>"1", "id"=>"2"}
Processing by Api::IngredientsController#index as HTML
  Parameters: {"item_id"=>"2"}
  [1m[36mItem Load (0.3ms)[0m  [1m[34mSELECT "items".* FROM "items" WHERE "items"."id" = $1 LIMIT $2[0m  [["id", 2], ["LIMIT", 1]]
  ↳ app/controllers/api/ingredients_controller.rb:48:in `set_item'
  [1m[36mSession Load (0.6ms)[0m  [1m[34mSELECT "sessions".* FROM "sessions" WHERE "sessions"."id" = $1 LIMIT $2[0m  [["id", 1], ["LIMIT", 1]]
  ↳ app/controllers/api/items_controller.rb:48:in `set_session'
  [1m[36mIngredient Load (1.9ms)[0m  [1m[34mSELECT "ingredients".* FROM "ingredients" WHERE "ingredients"."item_id" = $1[0m  [["item_id", 2]]
  ↳ app/controllers/api/ingredients_controller.rb:8:in `index'
Completed 200 OK in 8ms (Views: 2.8ms | ActiveRecord: 2.2ms | Allocations: 6363)


  [1m[36mItem Load (2.0ms)[0m  [1m[34mSELECT "items".* FROM "items" WHERE "items"."session_id" = $1 AND "items"."id" = $2 LIMIT $3[0m  [["session_id", 1], ["id", 2], ["LIMIT", 1]]
  ↳ app/controllers/api/items_controller.rb:44:in `set_item'
Completed 200 OK in 15ms (Views: 0.2ms | ActiveRecord: 2.7ms | Allocations: 12087)


Started GET "/api/items/1/ingredients/1" for 127.0.0.1 at 2020-06-08 16:49:34 -0600
Processing by Api::IngredientsController#show as HTML
Started GET "/api/items/1/ingredients/2" for 127.0.0.1 at 2020-06-08 16:49:34 -0600
Started GET "/api/items/1/ingredients/3" for 127.0.0.1 at 2020-06-08 16:49:34 -0600
  Parameters: {"item_id"=>"1", "id"=>"1"}
Processing by Api::IngredientsController#show as HTML
  Parameters: {"item_id"=>"1", "id"=>"2"}
  [1m[36mItem Load (2.9ms)[0m  [1m[34mSELECT "items".* FROM "items" WHERE "items"."id" = $1 LIMIT $2[0m  [["id", 1], ["LIMIT", 1]]
  ↳ app/controllers/api/ingredients_controller.rb:48:in `set_item'
Processing by Api::IngredientsController#show as HTML
  Parameters: {"item_id"=>"1", "id"=>"3"}
  [1m[36mItem Load (4.1ms)[0m  [1m[34mSELECT "items".* FROM "items" WHERE "items"."id" = $1 LIMIT $2[0m  [["id", 1], ["LIMIT", 1]]
  ↳ app/controllers/api/ingredients_controller.rb:48:in `set_item'
Started GET "/api/items/4/ingredients/8" for 127.0.0.1 at 2020-06-08 16:49:34 -0600
  [1m[36mIngredient Load (4.7ms)[0m  [1m[34mSELECT "ingredients".* FROM "ingredients" WHERE "ingredients"."item_id" = $1 AND "ingredients"."id" = $2 LIMIT $3[0m  [["item_id", 1], ["id", 1], ["LIMIT", 1]]
  [1m[36mItem Load (4.2ms)[0m  [1m[34mSELECT "items".* FROM "items" WHERE "items"."id" = $1 LIMIT $2[0m  [["id", 1], ["LIMIT", 1]]
  ↳ app/controllers/api/ingredients_controller.rb:48:in `set_item'
  ↳ app/controllers/api/ingredients_controller.rb:44:in `set_ingredient'
Started GET "/api/items/2/ingredients/5" for 127.0.0.1 at 2020-06-08 16:49:34 -0600
  [1m[36mIngredient Load (3.9ms)[0m  [1m[34mSELECT "ingredients".* FROM "ingredients" WHERE "ingredients"."item_id" = $1 AND "ingredients"."id" = $2 LIMIT $3[0m  [["item_id", 1], ["id", 2], ["LIMIT", 1]]
Completed 200 OK in 20ms (Views: 0.3ms | ActiveRecord: 7.5ms | Allocations: 10475)


  ↳ app/controllers/api/ingredients_controller.rb:44:in `set_ingredient'
Processing by Api::IngredientsController#show as HTML
  Parameters: {"item_id"=>"4", "id"=>"8"}
Completed 200 OK in 22ms (Views: 0.3ms | ActiveRecord: 7.9ms | Allocations: 15002)


  [1m[36mIngredient Load (2.0ms)[0m  [1m[34mSELECT "ingredients".* FROM "ingredients" WHERE "ingredients"."item_id" = $1 AND "ingredients"."id" = $2 LIMIT $3[0m  [["item_id", 1], ["id", 3], ["LIMIT", 1]]
  ↳ app/controllers/api/ingredients_controller.rb:44:in `set_ingredient'
Completed 200 OK in 23ms (Views: 0.2ms | ActiveRecord: 6.2ms | Allocations: 19644)


  [1m[36mItem Load (3.0ms)[0m  [1m[34mSELECT "items".* FROM "items" WHERE "items"."id" = $1 LIMIT $2[0m  [["id", 4], ["LIMIT", 1]]
  ↳ app/controllers/api/ingredients_controller.rb:48:in `set_item'
  [1m[36mIngredient Load (1.8ms)[0m  [1m[34mSELECT "ingredients".* FROM "ingredients" WHERE "ingredients"."item_id" = $1 AND "ingredients"."id" = $2 LIMIT $3[0m  [["item_id", 4], ["id", 8], ["LIMIT", 1]]
  ↳ app/controllers/api/ingredients_controller.rb:44:in `set_ingredient'
Completed 200 OK in 17ms (Views: 0.3ms | ActiveRecord: 4.8ms | Allocations: 14492)


Started GET "/api/items/2/ingredients/4" for 127.0.0.1 at 2020-06-08 16:49:34 -0600
Processing by Api::IngredientsController#show as HTML
  Parameters: {"item_id"=>"2", "id"=>"4"}
  [1m[36mItem Load (0.5ms)[0m  [1m[34mSELECT "items".* FROM "items" WHERE "items"."id" = $1 LIMIT $2[0m  [["id", 2], ["LIMIT", 1]]
  ↳ app/controllers/api/ingredients_controller.rb:48:in `set_item'
Processing by Api::IngredientsController#show as HTML
  [1m[36mIngredient Load (1.2ms)[0m  [1m[34mSELECT "ingredients".* FROM "ingredients" WHERE "ingredients"."item_id" = $1 AND "ingredients"."id" = $2 LIMIT $3[0m  [["item_id", 2], ["id", 4], ["LIMIT", 1]]
  ↳ app/controllers/api/ingredients_controller.rb:44:in `set_ingredient'
  Parameters: {"item_id"=>"2", "id"=>"5"}
Completed 200 OK in 7ms (Views: 0.2ms | ActiveRecord: 1.7ms | Allocations: 5651)


  [1m[36mItem Load (1.1ms)[0m  [1m[34mSELECT "items".* FROM "items" WHERE "items"."id" = $1 LIMIT $2[0m  [["id", 2], ["LIMIT", 1]]
  ↳ app/controllers/api/ingredients_controller.rb:48:in `set_item'
  [1m[36mIngredient Load (0.5ms)[0m  [1m[34mSELECT "ingredients".* FROM "ingredients" WHERE "ingredients"."item_id" = $1 AND "ingredients"."id" = $2 LIMIT $3[0m  [["item_id", 2], ["id", 5], ["LIMIT", 1]]
  ↳ app/controllers/api/ingredients_controller.rb:44:in `set_ingredient'
Completed 200 OK in 11ms (Views: 0.2ms | ActiveRecord: 3.8ms | Allocations: 8207)


